<?xml version="1.0" encoding="utf-8"?><testsuites name="pytest tests"><testsuite name="pytest" errors="0" failures="0" skipped="0" tests="16" time="3.533" timestamp="2026-07-17T16:08:14.378495+00:00" hostname="agent-env-722f3b29-2305-4e06-bad1-8a6d7d576593"><testcase classname="tests.backend_test.TestAuth" name="test_login_wrong_password" time="0.421" /><testcase classname="tests.backend_test.TestSites" name="test_list_sites" time="0.904" /><testcase classname="tests.backend_test.TestSites" name="test_list_pages_14" time="0.057" /><testcase classname="tests.backend_test.TestAuth" name="test_login_success_and_me" time="0.550" /><testcase classname="tests.backend_test.TestSites" name="test_get_page" time="0.059" /><testcase classname="tests.backend_test.TestAuth" name="test_me_unauth" time="0.358" /><testcase classname="tests.backend_test.TestPreview" name="test_preview_builds_and_clean_output" time="0.362" /><testcase classname="tests.backend_test.TestRegionUpdate" name="test_update_text_region_persists" time="0.318" /><testcase classname="tests.backend_test.TestPreview" name="test_root_files_preserved" time="0.208" /><testcase classname="tests.backend_test.TestEditorIframe" name="test_editor_page_html" time="0.098" /><testcase classname="tests.backend_test.TestRegionUpdate" name="test_unknown_region_400" time="0.057" /><testcase classname="tests.backend_test.TestEditorIframe" name="test_editor_page_unauth" time="0.140" /><testcase classname="tests.backend_test.TestMedia" name="test_upload_and_apply" time="0.289" /><testcase classname="tests.backend_test.TestSeo" name="test_seo_update_preserves_metas_and_jsonld" time="0.206" /><testcase classname="tests.backend_test.TestPublish" name="test_publish_without_sftp" time="0.319" /><testcase classname="tests.backend_test.TestRBAC" name="test_editor_cannot_create_users" time="0.981" /></testsuite></testsuites>