<?xml version="1.0" encoding="utf-8"?><testsuites name="pytest tests"><testsuite name="pytest" errors="0" failures="0" skipped="0" tests="14" time="4.131" timestamp="2026-07-17T16:45:43.357552+00:00" hostname="agent-env-722f3b29-2305-4e06-bad1-8a6d7d576593"><testcase classname="tests.test_new_features.TestUsersCRUD" name="test_list_users" time="0.723" /><testcase classname="tests.test_new_features.TestUsersCRUD" name="test_create_and_delete_editor_user" time="0.757" /><testcase classname="tests.test_new_features.TestBackupsRestore" name="test_list_backups" time="1.361" /><testcase classname="tests.test_new_features.TestBackupsRestore" name="test_restore_without_sftp_returns_message" time="0.190" /><testcase classname="tests.test_new_features.TestUsersCRUD" name="test_admin_cannot_delete_self" time="0.122" /><testcase classname="tests.test_new_features.TestBackupsRestore" name="test_restore_bad_name_404" time="0.056" /><testcase classname="tests.test_new_features.TestSftp" name="test_get_sftp_initial" time="0.059" /><testcase classname="tests.test_new_features.TestAvailableAndIngest" name="test_available_sites" time="0.054" /><testcase classname="tests.test_new_features.TestSftp" name="test_set_and_get_sftp_persists" time="0.265" /><testcase classname="tests.test_new_features.TestAvailableAndIngest" name="test_reingest" time="0.144" /><testcase classname="tests.test_new_features.TestBruteForce" name="test_lockout_after_5_fails" time="0.771" /><testcase classname="tests.test_new_features.TestPageCreateDelete" name="test_create_page_from_home_and_delete" time="0.489" /><testcase classname="tests.test_new_features.TestPageCreateDelete" name="test_cannot_delete_home" time="0.110" /><testcase classname="tests.test_new_features.TestRBACNew" name="test_editor_forbidden_from_admin_endpoints" time="1.048" /></testsuite></testsuites>