<?xml version="1.0" encoding="utf-8"?><testsuites name="pytest tests"><testsuite name="pytest" errors="0" failures="0" skipped="0" tests="13" time="4.398" timestamp="2026-07-18T10:38:48.599700+00:00" hostname="agent-env-722f3b29-2305-4e06-bad1-8a6d7d576593"><testcase classname="tests.test_editor_ops.TestEditorOps" name="test_00_reingest_before" time="0.637" /><testcase classname="tests.test_editor_ops.TestEditorOps" name="test_01_link_update_persists_and_publishes" time="0.338" /><testcase classname="tests.test_editor_ops.TestEditorOps" name="test_02_op_duplicate_increases_region_count" time="0.325" /><testcase classname="tests.test_editor_ops.TestEditorOps" name="test_03_op_add_image_adds_img" time="0.362" /><testcase classname="tests.test_editor_ops.TestEditorOps" name="test_04_op_add_button_creates_new_button_region" time="0.326" /><testcase classname="tests.test_editor_ops.TestEditorOps" name="test_05_op_delete_removes_region" time="0.252" /><testcase classname="tests.test_editor_ops.TestEditorOps" name="test_06_unknown_op_returns_400" time="0.159" /><testcase classname="tests.test_editor_ops.TestEditorOps" name="test_07_unknown_eid_returns_400" time="0.119" /><testcase classname="tests.test_editor_ops.TestEditorOps" name="test_08_scope_editor_can_op_own_site" time="0.704" /><testcase classname="tests.test_editor_ops.TestEditorOps" name="test_09_scope_editor_forbidden_on_other_site" time="0.078" /><testcase classname="tests.test_editor_ops.TestEditorOps" name="test_10_text_region_update_regression" time="0.257" /><testcase classname="tests.test_editor_ops.TestEditorOps" name="test_11_publish_no_dataeid_and_head_assets_present" time="0.085" /><testcase classname="tests.test_editor_ops.TestEditorOps" name="test_99_restore_sites" time="0.257" /></testsuite></testsuites>