<?xml version="1.0" encoding="utf-8"?><testsuites name="pytest tests"><testsuite name="pytest" errors="0" failures="0" skipped="0" tests="8" time="20.311" timestamp="2026-07-18T08:39:30.340600+00:00" hostname="agent-env-722f3b29-2305-4e06-bad1-8a6d7d576593"><testcase classname="tests.test_add_site_multi.TestAddSiteMultiSuite" name="test_seeded_admin_is_superadmin" time="0.526" /><testcase classname="tests.test_add_site_multi.TestAddSiteMultiSuite" name="test_sites_lists_two" time="0.521" /><testcase classname="tests.test_add_site_multi.TestAddSiteMultiSuite" name="test_add_site_duplicate_slug_400" time="0.404" /><testcase classname="tests.test_add_site_multi.TestAddSiteMultiSuite" name="test_add_site_missing_creds_400" time="0.448" /><testcase classname="tests.test_add_site_multi.TestAddSiteMultiSuite" name="test_add_site_real_pull_no_html_selfcleans" time="15.016" /><testcase classname="tests.test_add_site_multi.TestAddSiteMultiSuite" name="test_add_site_rbac_admin_and_editor_forbidden" time="1.856" /><testcase classname="tests.test_add_site_multi.TestAddSiteMultiSuite" name="test_publish_endpoint_registered" time="0.625" /><testcase classname="tests.test_add_site_multi.TestAddSiteMultiSuite" name="test_publish_target_wifetobe_domain_lock" time="0.426" /></testsuite></testsuites>