<?xml version="1.0" encoding="utf-8"?><testsuites name="pytest tests"><testsuite name="pytest" errors="0" failures="0" skipped="0" tests="13" time="4.087" timestamp="2026-07-18T08:17:01.843507+00:00" hostname="agent-env-722f3b29-2305-4e06-bad1-8a6d7d576593"><testcase classname="tests.test_domain_lock.TestDomainLockSuite" name="test_put_sftp_stores_domain" time="0.659" /><testcase classname="tests.test_domain_lock.TestDomainLockSuite" name="test_get_sftp_case_insensitive_stored" time="0.097" /><testcase classname="tests.test_domain_lock.TestDomainLockSuite" name="test_path_ok_true_when_domain_in_path" time="0.101" /><testcase classname="tests.test_domain_lock.TestDomainLockSuite" name="test_path_ok_false_bare_public_html" time="0.098" /><testcase classname="tests.test_domain_lock.TestDomainLockSuite" name="test_path_ok_false_wrong_domain_path" time="0.091" /><testcase classname="tests.test_domain_lock.TestDomainLockSuite" name="test_publish_blocked_bare_public_html_fast" time="0.354" /><testcase classname="tests.test_domain_lock.TestDomainLockSuite" name="test_publish_blocked_wrong_domain_fast" time="0.370" /><testcase classname="tests.test_domain_lock.TestDomainLockSuite" name="test_publish_allowed_when_path_contains_domain" time="0.421" /><testcase classname="tests.test_domain_lock.TestDomainLockSuite" name="test_restore_admin_only" time="0.678" /><testcase classname="tests.test_domain_lock.TestDomainLockSuite" name="test_restore_domain_guard_blocks" time="0.530" /><testcase classname="tests.test_domain_lock.TestDomainLockSuite" name="test_sites_lists_wifetobe" time="0.046" /><testcase classname="tests.test_domain_lock.TestDomainLockSuite" name="test_14_pages" time="0.046" /><testcase classname="tests.test_domain_lock.TestDomainLockSuite" name="test_editor_iframe_renders" time="0.119" /></testsuite></testsuites>