<?xml version="1.0" encoding="utf-8"?><testsuites name="pytest tests"><testsuite name="pytest" errors="0" failures="0" skipped="0" tests="43" time="9.500" timestamp="2026-07-18T08:17:10.486684+00:00" hostname="agent-env-722f3b29-2305-4e06-bad1-8a6d7d576593"><testcase classname="tests.backend_test.TestAuth" name="test_login_wrong_password" time="0.565" /><testcase classname="tests.test_domain_lock.TestDomainLockSuite" name="test_put_sftp_stores_domain" time="0.883" /><testcase classname="tests.test_domain_lock.TestDomainLockSuite" name="test_get_sftp_case_insensitive_stored" time="0.083" /><testcase classname="tests.backend_test.TestAuth" name="test_login_success_and_me" time="0.432" /><testcase classname="tests.test_domain_lock.TestDomainLockSuite" name="test_path_ok_true_when_domain_in_path" time="0.082" /><testcase classname="tests.backend_test.TestAuth" name="test_me_unauth" time="0.092" /><testcase classname="tests.test_domain_lock.TestDomainLockSuite" name="test_path_ok_false_bare_public_html" time="0.131" /><testcase classname="tests.backend_test.TestSites" name="test_list_sites" time="0.040" /><testcase classname="tests.backend_test.TestSites" name="test_list_pages_14" time="0.042" /><testcase classname="tests.backend_test.TestSites" name="test_get_page" time="0.042" /><testcase classname="tests.test_domain_lock.TestDomainLockSuite" name="test_path_ok_false_wrong_domain_path" time="0.085" /><testcase classname="tests.test_domain_lock.TestDomainLockSuite" name="test_publish_blocked_bare_public_html_fast" time="0.541" /><testcase classname="tests.test_new_features.TestUsersCRUD" name="test_list_users" time="0.594" /><testcase classname="tests.test_domain_lock.TestDomainLockSuite" name="test_publish_blocked_wrong_domain_fast" time="0.543" /><testcase classname="tests.test_new_features.TestUsersCRUD" name="test_create_and_delete_editor_user" time="0.662" /><testcase classname="tests.test_domain_lock.TestDomainLockSuite" name="test_publish_allowed_when_path_contains_domain" time="0.427" /><testcase classname="tests.test_new_features.TestUsersCRUD" name="test_admin_cannot_delete_self" time="0.355" /><testcase classname="tests.test_domain_lock.TestDomainLockSuite" name="test_restore_admin_only" time="0.913" /><testcase classname="tests.test_new_features.TestBackupsRestore" name="test_list_backups" time="0.741" /><testcase classname="tests.test_new_features.TestBackupsRestore" name="test_restore_without_sftp_returns_message" time="0.136" /><testcase classname="tests.test_domain_lock.TestDomainLockSuite" name="test_restore_domain_guard_blocks" time="0.788" /><testcase classname="tests.test_new_features.TestBackupsRestore" name="test_restore_bad_name_404" time="0.040" /><testcase classname="tests.backend_test.TestRegionUpdate" name="test_update_text_region_persists" time="0.439" /><testcase classname="tests.backend_test.TestRegionUpdate" name="test_unknown_region_400" time="0.039" /><testcase classname="tests.backend_test.TestPreview" name="test_preview_builds_and_clean_output" time="0.285" /><testcase classname="tests.test_domain_lock.TestDomainLockSuite" name="test_sites_lists_wifetobe" time="0.040" /><testcase classname="tests.backend_test.TestPreview" name="test_root_files_preserved" time="0.171" /><testcase classname="tests.test_domain_lock.TestDomainLockSuite" name="test_14_pages" time="0.044" /><testcase classname="tests.test_domain_lock.TestDomainLockSuite" name="test_editor_iframe_renders" time="0.114" /><testcase classname="tests.backend_test.TestEditorIframe" name="test_editor_page_html" time="0.069" /><testcase classname="tests.backend_test.TestEditorIframe" name="test_editor_page_unauth" time="0.253" /><testcase classname="tests.test_new_features.TestSftp" name="test_get_sftp_initial" time="0.413" /><testcase classname="tests.test_new_features.TestSftp" name="test_set_and_get_sftp_persists" time="0.407" /><testcase classname="tests.test_new_features.TestPageCreateDelete" name="test_create_page_from_home_and_delete" time="1.010" /><testcase classname="tests.test_new_features.TestAvailableAndIngest" name="test_available_sites" time="0.046" /><testcase classname="tests.test_new_features.TestAvailableAndIngest" name="test_reingest" time="0.140" /><testcase classname="tests.backend_test.TestSeo" name="test_seo_update_preserves_metas_and_jsonld" time="0.499" /><testcase classname="tests.test_new_features.TestPageCreateDelete" name="test_cannot_delete_home" time="0.082" /><testcase classname="tests.backend_test.TestMedia" name="test_upload_and_apply" time="0.728" /><testcase classname="tests.backend_test.TestPublish" name="test_publish_without_sftp" time="0.370" /><testcase classname="tests.backend_test.TestRBAC" name="test_editor_cannot_create_users" time="0.707" /><testcase classname="tests.test_new_features.TestBruteForce" name="test_lockout_after_5_fails" time="0.751" /><testcase classname="tests.test_new_features.TestRBACNew" name="test_editor_forbidden_from_admin_endpoints" time="1.433" /></testsuite></testsuites>