<?xml version="1.0" encoding="utf-8"?><testsuites name="pytest tests"><testsuite name="pytest" errors="0" failures="1" skipped="0" tests="30" time="7.952" timestamp="2026-07-18T07:11:21.501112+00:00" hostname="agent-env-722f3b29-2305-4e06-bad1-8a6d7d576593"><testcase classname="tests.backend_test.TestAuth" name="test_login_wrong_password" time="0.607" /><testcase classname="tests.backend_test.TestSites" name="test_list_sites" time="0.662" /><testcase classname="tests.backend_test.TestSites" name="test_list_pages_14" time="0.046" /><testcase classname="tests.backend_test.TestSites" name="test_get_page" time="0.255" /><testcase classname="tests.backend_test.TestAuth" name="test_login_success_and_me" time="0.438" /><testcase classname="tests.backend_test.TestAuth" name="test_me_unauth" time="0.281" /><testcase classname="tests.test_new_features.TestBackupsRestore" name="test_list_backups" time="3.886" /><testcase classname="tests.test_new_features.TestUsersCRUD" name="test_list_users" time="0.674" /><testcase classname="tests.test_new_features.TestUsersCRUD" name="test_create_and_delete_editor_user" time="0.475" /><testcase classname="tests.test_new_features.TestUsersCRUD" name="test_admin_cannot_delete_self" time="0.089" /><testcase classname="tests.backend_test.TestRegionUpdate" name="test_update_text_region_persists" time="0.178" /><testcase classname="tests.backend_test.TestRegionUpdate" name="test_unknown_region_400" time="0.046" /><testcase classname="tests.backend_test.TestPreview" name="test_preview_builds_and_clean_output" time="0.303" /><testcase classname="tests.backend_test.TestPreview" name="test_root_files_preserved" time="0.173" /><testcase classname="tests.backend_test.TestEditorIframe" name="test_editor_page_html" time="0.074" /><testcase classname="tests.backend_test.TestEditorIframe" name="test_editor_page_unauth" time="0.127" /><testcase classname="tests.test_new_features.TestSftp" name="test_get_sftp_initial" time="0.362" /><testcase classname="tests.test_new_features.TestSftp" name="test_set_and_get_sftp_persists" time="0.180"><failure message="assert True is False">backend/tests/test_new_features.py:110: in test_set_and_get_sftp_persists
    assert g2["has_password"] is False
E   assert True is False</failure></testcase><testcase classname="tests.test_new_features.TestAvailableAndIngest" name="test_available_sites" time="0.043" /><testcase classname="tests.test_new_features.TestAvailableAndIngest" name="test_reingest" time="0.141" /><testcase classname="tests.test_new_features.TestPageCreateDelete" name="test_create_page_from_home_and_delete" time="0.396" /><testcase classname="tests.test_new_features.TestPageCreateDelete" name="test_cannot_delete_home" time="0.042" /><testcase classname="tests.backend_test.TestMedia" name="test_upload_and_apply" time="0.322" /><testcase classname="tests.test_new_features.TestBackupsRestore" name="test_restore_without_sftp_returns_message" time="0.142" /><testcase classname="tests.backend_test.TestSeo" name="test_seo_update_preserves_metas_and_jsonld" time="0.359" /><testcase classname="tests.test_new_features.TestBackupsRestore" name="test_restore_bad_name_404" time="0.081" /><testcase classname="tests.backend_test.TestRBAC" name="test_editor_cannot_create_users" time="0.976" /><testcase classname="tests.backend_test.TestPublish" name="test_publish_without_sftp" time="0.330" /><testcase classname="tests.test_new_features.TestBruteForce" name="test_lockout_after_5_fails" time="1.415" /><testcase classname="tests.test_new_features.TestRBACNew" name="test_editor_forbidden_from_admin_endpoints" time="1.409" /></testsuite></testsuites>