<?xml version="1.0" encoding="utf-8"?><testsuites name="pytest tests"><testsuite name="pytest" errors="0" failures="0" skipped="0" tests="55" time="42.122" timestamp="2026-07-18T09:23:17.150919+00:00" hostname="agent-env-722f3b29-2305-4e06-bad1-8a6d7d576593"><testcase classname="tests.test_add_site_multi.TestAddSiteMultiSuite" name="test_seeded_admin_is_superadmin" time="0.664" /><testcase classname="tests.test_add_site_multi.TestAddSiteMultiSuite" name="test_sites_lists_two" time="0.476" /><testcase classname="tests.test_domain_lock.TestDomainLockSuite" name="test_put_sftp_stores_domain" time="1.023" /><testcase classname="tests.test_domain_lock.TestDomainLockSuite" name="test_get_sftp_case_insensitive_stored" time="0.129" /><testcase classname="tests.test_add_site_multi.TestAddSiteMultiSuite" name="test_add_site_duplicate_slug_400" time="0.371" /><testcase classname="tests.test_domain_lock.TestDomainLockSuite" name="test_path_ok_true_when_domain_in_path" time="0.348" /><testcase classname="tests.test_domain_lock.TestDomainLockSuite" name="test_path_ok_false_bare_public_html" time="0.327" /><testcase classname="tests.test_add_site_multi.TestAddSiteMultiSuite" name="test_add_site_missing_creds_400" time="0.474" /><testcase classname="tests.test_domain_lock.TestDomainLockSuite" name="test_path_ok_false_wrong_domain_path" time="0.159" /><testcase classname="tests.test_add_site_multi.TestAddSiteMultiSuite" name="test_add_site_real_pull_no_html_selfcleans" time="16.437" /><testcase classname="tests.test_domain_lock.TestDomainLockSuite" name="test_publish_blocked_bare_public_html_fast" time="0.382" /><testcase classname="tests.test_domain_lock.TestDomainLockSuite" name="test_publish_blocked_wrong_domain_fast" time="0.581" /><testcase classname="tests.test_domain_lock.TestDomainLockSuite" name="test_publish_allowed_when_path_contains_domain" time="0.423" /><testcase classname="tests.test_domain_lock.TestDomainLockSuite" name="test_restore_admin_only" time="0.675" /><testcase classname="tests.test_domain_lock.TestDomainLockSuite" name="test_restore_domain_guard_blocks" time="0.539" /><testcase classname="tests.test_domain_lock.TestDomainLockSuite" name="test_sites_lists_wifetobe" time="0.041" /><testcase classname="tests.test_domain_lock.TestDomainLockSuite" name="test_14_pages" time="0.041" /><testcase classname="tests.test_domain_lock.TestDomainLockSuite" name="test_editor_iframe_renders" time="0.111" /><testcase classname="tests.backend_test.TestAuth" name="test_login_wrong_password" time="0.365" /><testcase classname="tests.backend_test.TestAuth" name="test_login_success_and_me" time="0.386" /><testcase classname="tests.backend_test.TestAuth" name="test_me_unauth" time="0.092" /><testcase classname="tests.backend_test.TestSites" name="test_list_sites" time="0.041" /><testcase classname="tests.backend_test.TestSites" name="test_list_pages_14" time="0.043" /><testcase classname="tests.backend_test.TestSites" name="test_get_page" time="0.046" /><testcase classname="tests.test_new_features.TestUsersCRUD" name="test_list_users" time="0.353" /><testcase classname="tests.test_new_features.TestUsersCRUD" name="test_create_and_delete_editor_user" time="0.581" /><testcase classname="tests.test_new_features.TestUsersCRUD" name="test_admin_cannot_delete_self" time="0.074" /><testcase classname="tests.test_new_features.TestBackupsRestore" name="test_list_backups" time="0.344" /><testcase classname="tests.test_new_features.TestBackupsRestore" name="test_restore_without_sftp_returns_message" time="0.164" /><testcase classname="tests.test_new_features.TestBackupsRestore" name="test_restore_bad_name_404" time="0.036" /><testcase classname="tests.backend_test.TestRegionUpdate" name="test_update_text_region_persists" time="0.168" /><testcase classname="tests.backend_test.TestRegionUpdate" name="test_unknown_region_400" time="0.043" /><testcase classname="tests.backend_test.TestPreview" name="test_preview_builds_and_clean_output" time="0.287" /><testcase classname="tests.backend_test.TestPreview" name="test_root_files_preserved" time="0.219" /><testcase classname="tests.backend_test.TestEditorIframe" name="test_editor_page_html" time="0.069" /><testcase classname="tests.backend_test.TestEditorIframe" name="test_editor_page_unauth" time="0.087" /><testcase classname="tests.test_new_features.TestSftp" name="test_get_sftp_initial" time="0.391" /><testcase classname="tests.test_new_features.TestSftp" name="test_set_and_get_sftp_persists" time="0.321" /><testcase classname="tests.test_new_features.TestAvailableAndIngest" name="test_available_sites" time="0.040" /><testcase classname="tests.test_new_features.TestAvailableAndIngest" name="test_reingest" time="0.133" /><testcase classname="tests.test_new_features.TestPageCreateDelete" name="test_create_page_from_home_and_delete" time="0.389" /><testcase classname="tests.test_new_features.TestPageCreateDelete" name="test_cannot_delete_home" time="0.080" /><testcase classname="tests.backend_test.TestMedia" name="test_upload_and_apply" time="0.212" /><testcase classname="tests.backend_test.TestSeo" name="test_seo_update_preserves_metas_and_jsonld" time="0.174" /><testcase classname="tests.backend_test.TestPublish" name="test_publish_without_sftp" time="0.322" /><testcase classname="tests.backend_test.TestRBAC" name="test_editor_cannot_create_users" time="0.688" /><testcase classname="tests.test_new_features.TestBruteForce" name="test_lockout_after_5_fails" time="0.540" /><testcase classname="tests.test_new_features.TestRBACNew" name="test_editor_forbidden_from_admin_endpoints" time="1.336" /><testcase classname="tests.test_add_site_multi.TestAddSiteMultiSuite" name="test_add_status_rbac" time="15.361" /><testcase classname="tests.test_add_site_multi.TestAddSiteMultiSuite" name="test_sftp_test_endpoint" time="2.419" /><testcase classname="tests.test_add_site_multi.TestAddSiteMultiSuite" name="test_sftp_test_missing_creds" time="0.364" /><testcase classname="tests.test_add_site_multi.TestAddSiteMultiSuite" name="test_sftp_test_rbac" time="1.874" /><testcase classname="tests.test_add_site_multi.TestAddSiteMultiSuite" name="test_add_site_rbac_admin_and_editor_forbidden" time="2.115" /><testcase classname="tests.test_add_site_multi.TestAddSiteMultiSuite" name="test_publish_endpoint_registered" time="0.630" /><testcase classname="tests.test_add_site_multi.TestAddSiteMultiSuite" name="test_publish_target_wifetobe_domain_lock" time="0.363" /></testsuite></testsuites>