<?xml version="1.0" encoding="utf-8"?><testsuites name="pytest tests"><testsuite name="pytest" errors="0" failures="0" skipped="0" tests="12" time="4.363" timestamp="2026-07-18T10:55:38.248881+00:00" hostname="agent-env-722f3b29-2305-4e06-bad1-8a6d7d576593"><testcase classname="tests.test_snapshots.TestSnapshots" name="test_00_ingest_demo_and_baseline" time="0.626" /><testcase classname="tests.test_snapshots.TestSnapshots" name="test_01_reingest_does_not_duplicate_import" time="0.095" /><testcase classname="tests.test_snapshots.TestSnapshots" name="test_02_manual_snapshot" time="0.089" /><testcase classname="tests.test_snapshots.TestSnapshots" name="test_03_auto_snapshot_throttled" time="0.331" /><testcase classname="tests.test_snapshots.TestSnapshots" name="test_04_prepublish_snapshot" time="0.257" /><testcase classname="tests.test_snapshots.TestSnapshots" name="test_05_rollback_reverts_text_edit" time="0.276" /><testcase classname="tests.test_snapshots.TestSnapshots" name="test_06_rollback_is_undoable" time="0.097" /><testcase classname="tests.test_snapshots.TestSnapshots" name="test_07_structural_rollback_page_count" time="0.276" /><testcase classname="tests.test_snapshots.TestSnapshots" name="test_08_structural_rollback_addimage" time="0.277" /><testcase classname="tests.test_snapshots.TestSnapshots" name="test_09_rbac_editor_scope" time="1.023" /><testcase classname="tests.test_snapshots.TestSnapshots" name="test_10_snapshot_endpoints_require_auth" time="0.288" /><testcase classname="tests.test_snapshots.TestSnapshots" name="test_99_teardown_reingest_both" time="0.187" /></testsuite></testsuites>